(Venv_study) D:\Avito\Python\ДЗ\hw5_tests\issue_2>python -m pytest -v convert_english.py

======================================================================= test session starts ========================================================================
platform win32 -- Python 3.10.8, pytest-7.2.0, pluggy-1.0.0 -- D:\Programs\Venv_study\Scripts\python.exe
cachedir: .pytest_cache
rootdir: D:\Avito\Python\ДЗ\hw5_tests\issue_2
collected 3 items                                                                                                                                                    

convert_english.py::test_decode[... --- ...-SOS] PASSED                                                                                                       [ 33%] 
convert_english.py::test_decode[.-- .... .- -   -.. --- . ...   - .... .   ..-. --- -..-   ... .- -.-- ..--..-WHAT DOES THE FOX SAY?] FAILED                  [ 66%]
convert_english.py::test_decode[---.. ----. ------890] PASSED                                                                                                 [100%] 

============================================================================= FAILURES ============================================================================= 
________________________ test_decode[.-- .... .- -   -.. --- . ...   - .... .   ..-. --- -..-   ... .- -.-- ..--..-WHAT DOES THE FOX SAY?] _________________________ 

morse = '.-- .... .- -   -.. --- . ...   - .... .   ..-. --- -..-   ... .- -.-- ..--..', english = 'WHAT DOES THE FOX SAY?'

    @pytest.mark.parametrize(
        'morse, english',
        [
            ('... --- ...', 'SOS'),
            ('.-- .... .- -   -.. --- . ...   - .... .   ..-. --- -..-'
             '   ... .- -.-- ..--..', 'WHAT DOES THE FOX SAY?'),
            ('---.. ----. -----', '890')
        ]
    )
    def test_decode(morse, english):
>       assert decode(morse) == english
E       AssertionError: assert 'WHATDOESTHEFOXSAY?' == 'WHAT DOES THE FOX SAY?'
E         - WHAT DOES THE FOX SAY?
E         ?     -    -   -   -
E         + WHATDOESTHEFOXSAY?

convert_english.py:51: AssertionError
===================================================================== short test summary info ====================================================================== 
FAILED convert_english.py::test_decode[.-- .... .- -   -.. --- . ...   - .... .   ..-. --- -..-   ... .- -.-- ..--..-WHAT DOES THE FOX SAY?] - AssertionError: assert 'WHATDOESTHEFOXSAY?' == 'WHAT DOES THE FOX SAY?'
=================================================================== 1 failed, 2 passed in 0.11s ==================================================================== 